<?xml version="1.0" encoding="UTF-8"?>
<!-- Generated by org.testng.reporters.JUnitXMLReporter -->
<testsuite ignored="0" hostname="N3217" failures="0" tests="4" name="Token_Jeneration" time="6.196" errors="0" timestamp="2023-02-17T15:43:47 IST">
  <testcase classname="com.qa.rest.tests.NewToken" name="GetToken_Generation" time="2.654"/>
  <testcase classname="com.qa.rest.tests.NewToken" name="GetCustomerComponent" time="1.254"/>
  <testcase classname="com.qa.rest.tests.NewToken" name="GetProductOptionAMC" time="1.339"/>
  <testcase classname="com.qa.rest.tests.NewToken" name="GetCustomerDetails" time="0.9"/>
</testsuite> <!-- Token_Jeneration -->
