<?xml version="1.0" encoding="UTF-8"?>
<!-- Generated by org.testng.reporters.JUnitXMLReporter -->
<testsuite ignored="0" hostname="N3217" failures="0" tests="4" name="Token_Jeneration" time="8.386" errors="0" timestamp="2023-02-17T12:57:17 IST">
  <testcase classname="com.qa.rest.tests.NewToken" name="GetToken_Generation" time="2.925"/>
  <testcase classname="com.qa.rest.tests.NewToken" name="GetCustomerComponent" time="3.07"/>
  <testcase classname="com.qa.rest.tests.NewToken" name="GetProductOptionAMC" time="1.401"/>
  <testcase classname="com.qa.rest.tests.NewToken" name="GetCustomerDetails" time="0.932"/>
</testsuite> <!-- Token_Jeneration -->
