<?xml version="1.0" encoding="UTF-8"?>
<!-- Generated by org.testng.reporters.JUnitXMLReporter -->
<testsuite ignored="0" hostname="N3217" failures="0" tests="6" name="Default test" time="8.486" errors="0" timestamp="2023-02-16T20:26:41 IST">
  <testcase classname="com.qa.rest.tests.StagerToken" name="GetStagerToken" time="2.579"/>
  <testcase classname="com.qa.rest.tests.NewToken" name="GetToken_Generation" time="1.018"/>
  <testcase classname="com.qa.rest.tests.NewToken" name="GetCustomerComponent" time="1.123"/>
  <testcase classname="com.qa.rest.tests.StagerToken" name="GetCustomerType" time="1.387"/>
  <testcase classname="com.qa.rest.tests.StagerToken" name="GetCustomerDetails" time="0.918"/>
  <testcase classname="com.qa.rest.tests.NewToken" name="GetProductOptionAMC" time="1.388"/>
</testsuite> <!-- Default test -->
