<?xml version="1.0" encoding="UTF-8"?>
<!-- Generated by org.testng.reporters.JUnitXMLReporter -->
<testsuite ignored="0" hostname="N3217" failures="0" tests="3" name="EndToEndFlowSuite" time="4.995" errors="0" timestamp="2023-02-16T20:28:26 IST">
  <testcase classname="com.qa.rest.tests.NewToken" name="GetToken_Generation" time="2.346"/>
  <testcase classname="com.qa.rest.tests.NewToken" name="GetCustomerComponent" time="1.307"/>
  <testcase classname="com.qa.rest.tests.NewToken" name="GetProductOptionAMC" time="1.297"/>
</testsuite> <!-- EndToEndFlowSuite -->
