<?xml version="1.0" encoding="UTF-8"?>
<testng-results ignored="0" total="6" passed="6" failed="0" skipped="0">
  <reporter-output>
    <line>
      <![CDATA[Token_Generation Response {"token_type":"Bearer","expires_in":"3599","ext_expires_in":"3599","expires_on":"1676632424","not_before":"1676628524","resource":"https://eurekaforbes-posibol365.crm8.dynamics.com","access_token":"eyJ0eXAiOiJKV1QiLCJhbGciOiJSUzI1NiIsIng1dCI6Ii1LSTNROW5OUjdiUm9meG1lWm9YcWJIWkdldyIsImtpZCI6Ii1LSTNROW5OUjdiUm9meG1lWm9YcWJIWkdldyJ9.eyJhdWQiOiJodHRwczovL2V1cmVrYWZvcmJlcy1wb3NpYm9sMzY1LmNybTguZHluYW1pY3MuY29tIiwiaXNzIjoiaHR0cHM6Ly9zdHMud2luZG93cy5uZXQvMDVhOTVlNWQtMDEyNS00M2QxLTk2MzUtYWYyMDNjMGZlOGM0LyIsImlhdCI6MTY3NjYyODUyNCwibmJmIjoxNjc2NjI4NTI0LCJleHAiOjE2NzY2MzI0MjQsImFpbyI6IkUyWmdZSWo3OXVxZnczazJWeGxoODMyTEJYWW9Bd0E9IiwiYXBwaWQiOiI3MWJkYmZjNy01YWY0LTRkM2QtYTVmNC05MjBlNmZkNDkxYWIiLCJhcHBpZGFjciI6IjEiLCJpZHAiOiJodHRwczovL3N0cy53aW5kb3dzLm5ldC8wNWE5NWU1ZC0wMTI1LTQzZDEtOTYzNS1hZjIwM2MwZmU4YzQvIiwib2lkIjoiNDJkZDc2ODctMjhhOC00NDA5LWJhNWItOWRjYjYyYWU5NGI5IiwicmgiOiIwLkFYSUFYVjZwQlNVQjBVT1dOYThnUEFfb3hBY0FBQUFBQUFBQXdBQUFBQUFBQUFCeUFBQS4iLCJzdWIiOiI0MmRkNzY4Ny0yOGE4LTQ0MDktYmE1Yi05ZGNiNjJhZTk0YjkiLCJ0aWQiOiIwNWE5NWU1ZC0wMTI1LTQzZDEtOTYzNS1hZjIwM2MwZmU4YzQiLCJ1dGkiOiI3U3BYazluR29VR1lxWXVBSk1Kd0FBIiwidmVyIjoiMS4wIn0.OFnpAzw2_XYHkdiha9CjwouuLHwo1OaLcQvbPqH45Z31qW9d_eIKK0lw0jufKm58u_YR5rndB1-1zbyQY6u7JrqiWMKNuU6XckulzBkUkAr3hrEpP4HXEEvZBy4mJm8FHleSZayfEh3tbFOOJ8C4dg7OrbpfTU1LERzZRAdR3G7TI15Fs6TywV7UDPmQAJ7QG_ajrvIMspwDhv2CeRihLGHUIbtquOFyOfnVWxzBa1WnydVvAtle1YBifm-qLaF2MNo1Tz2sCySZx47VE9fUdmHdidqZo9vkg6kPybKTTg53OET2rmgCXZBVuFAztPry5TC1edUL93MT4eoTBldRyg"}]]>
    </line>
    <line>
      <![CDATA[statusCode is : 200]]>
    </line>
    <line>
      <![CDATA[GetCustomerComponent Response {"@odata.context":"https://eurekaforbes-posibol365.crm8.dynamics.com/api/data/v9.1/$metadata#Microsoft.Dynamics.CRM.efl_GetCustomerComponentDetailsResponse","Response":"{\"E_FLAG\":true,\"ET_CUST_DET\":{\"CUSTOMER\":\"1014067245\",\"FIRSTNAME\":\"SUMIT PAWAR\",\"LASTNAME\":\"\",\"LANDLINE\":\"\",\"EMAIL\":\"SHIRKANDE.SWAPNALI@GMAIL.COM\",\"MOBILE\":\"9773430762\",\"HOUSENO\":\"\",\"STREET1\":\"MIDC INDL Area\",\"STREET2\":\"MIDC\",\"STREET3\":\"Airoli\",\"STREET4\":\"\",\"CITY\":\"615\",\"PINCODE\":\"394210\",\"COUNTRY\":\"IN\",\"REGION\":\"\",\"SEARCHTERM1\":\"\",\"SEARCHTERM2\":\"\",\"FLAG\":\"\",\"LANG\":\"\",\"GSTNO\":\"18AABCU9603R1ZM\",\"PAN\":\"AABCU9603R\"},\"E_COMP\":{\"item\":[{\"CUSTID\":\"1014067245\",\"COMPONENT_ID\":\"34657053\",\"IBASE\":null,\"PRODUCT_ID\":\"GWPDCTLPL00000\",\"PRODUCT_DESCRIPT\":\"AQUAGUARD CRYSTAL PLUS UV\",\"CONTRACT_NUMBER\":\"0300420665\",\"CONTRACT_STATUS\":\"IC\",\"VALID_FROM\":\"20210621\",\"VALID_TO\":\"20230620\",\"FLAG\":\"\",\"LOCATED_AT\":\"Functional Location\",\"SERIAL_NUMBER\":\"2240104184001854\",\"SERVICEBP\":\"14195\",\"SERVICEBP_EMAIL\":\"14195@genuineservice.eurekaforbes.com\",\"PRODUCT_CATEGORY\":\"Water Purifiers\"}]}}"}]]>
    </line>
    <line>
      <![CDATA[statusCode is : 200]]>
    </line>
    <line>
      <![CDATA[GetProductOptionAMC Response {"@odata.context":"https://eurekaforbes-posibol365.crm8.dynamics.com/api/data/v9.1/$metadata#Microsoft.Dynamics.CRM.efl_GetAMCProductPriceResponse","Response":"{\"E_FLAG\":true,\"Message\":\"AMC_Product_Price retrieved successfully.\",\"T_AMCPROD_PRICE\":[{\"MPRODUCT\":\"GWPDCTLPL00000\",\"AMC_PROD\":\"SCTLPL000C12\",\"PROD_DESC\":\"AS CD CRYSTAL PLUS UV -12 MTH COMP AMC\",\"PRICE\":2150.00,\"CURRENCY\":\"INR\",\"DISCOUNT\":0.0,\"SPL_DISCOUNT\":0.0,\"TOTAL\":2150.00,\"DEFAULT_IND\":null,\"CONT_DURATN\":12,\"CATEGORY\":null},{\"MPRODUCT\":\"GWPDCTLPL00000\",\"AMC_PROD\":\"SCTLPL000C24\",\"PROD_DESC\":\"AS CD CRYSTAL PLUS UV -24 MTH COMP AMC\",\"PRICE\":3900.00,\"CURRENCY\":\"INR\",\"DISCOUNT\":0.0,\"SPL_DISCOUNT\":0.0,\"TOTAL\":3900.00,\"DEFAULT_IND\":null,\"CONT_DURATN\":24,\"CATEGORY\":null},{\"MPRODUCT\":\"GWPDCTLPL00000\",\"AMC_PROD\":\"SCTLPL000C36\",\"PROD_DESC\":\"AS CD CRYSTAL PLUS UV -36 MTH COMP AMC\",\"PRICE\":5650.00,\"CURRENCY\":\"INR\",\"DISCOUNT\":0.0,\"SPL_DISCOUNT\":0.0,\"TOTAL\":5650.00,\"DEFAULT_IND\":null,\"CONT_DURATN\":36,\"CATEGORY\":null}]}"}]]>
    </line>
    <line>
      <![CDATA[statusCode is : 200]]>
    </line>
    <line>
      <![CDATA[GetCustomerDetails Response:{"@odata.context":"https://eurekaforbes-posibol365.crm8.dynamics.com/api/data/v9.1/$metadata#Microsoft.Dynamics.CRM.efl_contactDetailsResponse","Response":"{\"Success\":true,\"Message\":\"Customer found.\",\"Value\":[{\"FirstName\":\"SUMIT PAWAR\",\"MiddleName\":null,\"LastName\":null,\"Email\":\"SHIRKANDE.SWAPNALI@GMAIL.COM\",\"Mobile\":\"9773430762\",\"DoorNo\":\"B/203\",\"Street1\":\"MIDC INDL Area\",\"Street2\":\"MIDC\",\"Street3\":\"Airoli\",\"Street4\":null,\"City\":\"SURAT\",\"State\":\"GUJARAT\",\"District\":null,\"Pincode\":\"394210\",\"SAPCustomerCode\":\"1014067245\",\"ServiceAccount_CustomerAsset\":[{\"Name\":\"34657053\",\"AssetSerialNumber\":\"2240104184001854\",\"ProductName\":\"AQUAGUARD CRYSTAL PLUS UV\",\"ProductCode\":\"GWPDCTLPL00000\"}]}]}"}]]>
    </line>
    <line>
      <![CDATA[statusCode is : 200]]>
    </line>
    <line>
      <![CDATA[GetStagerToken Response is: {"token_type":"Bearer","expires_in":"3599","ext_expires_in":"3599","expires_on":"1676632428","not_before":"1676628528","resource":"71bdbfc7-5af4-4d3d-a5f4-920e6fd491ab","access_token":"eyJ0eXAiOiJKV1QiLCJhbGciOiJSUzI1NiIsIng1dCI6Ii1LSTNROW5OUjdiUm9meG1lWm9YcWJIWkdldyIsImtpZCI6Ii1LSTNROW5OUjdiUm9meG1lWm9YcWJIWkdldyJ9.eyJhdWQiOiI3MWJkYmZjNy01YWY0LTRkM2QtYTVmNC05MjBlNmZkNDkxYWIiLCJpc3MiOiJodHRwczovL3N0cy53aW5kb3dzLm5ldC8wNWE5NWU1ZC0wMTI1LTQzZDEtOTYzNS1hZjIwM2MwZmU4YzQvIiwiaWF0IjoxNjc2NjI4NTI4LCJuYmYiOjE2NzY2Mjg1MjgsImV4cCI6MTY3NjYzMjQyOCwiYWlvIjoiRTJaZ1lBaVNGN3ZUS0tGbng4YTk2ak5mNjhFVEFBPT0iLCJhcHBpZCI6IjcxYmRiZmM3LTVhZjQtNGQzZC1hNWY0LTkyMGU2ZmQ0OTFhYiIsImFwcGlkYWNyIjoiMSIsImlkcCI6Imh0dHBzOi8vc3RzLndpbmRvd3MubmV0LzA1YTk1ZTVkLTAxMjUtNDNkMS05NjM1LWFmMjAzYzBmZThjNC8iLCJvaWQiOiI0MmRkNzY4Ny0yOGE4LTQ0MDktYmE1Yi05ZGNiNjJhZTk0YjkiLCJyaCI6IjAuQVhJQVhWNnBCU1VCMFVPV05hOGdQQV9veE1lX3ZYSDBXajFOcGZTU0RtX1VrYXR5QUFBLiIsInN1YiI6IjQyZGQ3Njg3LTI4YTgtNDQwOS1iYTViLTlkY2I2MmFlOTRiOSIsInRpZCI6IjA1YTk1ZTVkLTAxMjUtNDNkMS05NjM1LWFmMjAzYzBmZThjNCIsInV0aSI6IkIxaUlyeG1hcGtTcEJHTVlVX2s0QUEiLCJ2ZXIiOiIxLjAifQ.rl6UPWVyVt25DcjqjeS6BoyBpsCpWmwxrhNV0hQ61AXP4Mj_b3WIzBNlUciSUA3DR-ly-zggfQz3W5K2NLwa57KT-p8MaPuBLD6zY1Ye1THhdR-kW6xCc9w1e2KLXyKVK0dpRGIJgIWPqqYaDXU3RXz9F2CqlnnbGQaZ1G6ty20JqI2yKOV7NDSkbMxGdgHg-vEzqwZaTVwa91MhS6z4YVvkE5hRfpT_NoeZajHsk2beJGesSJL7y6nrtACpMbfAOHci0Ix8lCBadWyjdsgDNDcpcJ_UavZt-Vjzy-iqHI64g95EJ0WhCnunJPqtu1dC6fe4zFAZfQRGYAerc6UmHA"}]]>
    </line>
    <line>
      <![CDATA[statusCode is : 200]]>
    </line>
    <line>
      <![CDATA[GetCustomerType Response: {"Success":true,"Message":" BP is live ","StaggeredSystem":"D365","Customer":[{"FirstName":"SUMIT PAWAR","MiddleName":null,"LastName":null,"SAPCustomerCode":"1014067245","Email":null,"MobileNumber":null,"Street1":"MIDC INDL Area","Street2":"MIDC","Street3":"Airoli","City":"SURAT","State":"GUJARAT","District":null,"Pincode":"394210"}]}]]>
    </line>
    <line>
      <![CDATA[statusCode is : 200]]>
    </line>
  </reporter-output>
  <suite started-at="2023-02-17T15:43:41 IST" name="APISuite" finished-at="2023-02-17T15:43:49 IST" duration-ms="8556">
    <groups>
      <group name="GetCustomerComponent">
        <method signature="NewToken.GetCustomerComponent()[pri:2, instance:com.qa.rest.tests.NewToken@429bffaa]" name="GetCustomerComponent" class="com.qa.rest.tests.NewToken"/>
      </group> <!-- GetCustomerComponent -->
      <group name="GetCustomerDetails">
        <method signature="NewToken.GetCustomerDetails()[pri:4, instance:com.qa.rest.tests.NewToken@429bffaa]" name="GetCustomerDetails" class="com.qa.rest.tests.NewToken"/>
      </group> <!-- GetCustomerDetails -->
      <group name="GetProductOptionAMC">
        <method signature="NewToken.GetProductOptionAMC()[pri:3, instance:com.qa.rest.tests.NewToken@429bffaa]" name="GetProductOptionAMC" class="com.qa.rest.tests.NewToken"/>
      </group> <!-- GetProductOptionAMC -->
      <group name="GetToken_Generation">
        <method signature="NewToken.GetToken_Generation()[pri:1, instance:com.qa.rest.tests.NewToken@429bffaa]" name="GetToken_Generation" class="com.qa.rest.tests.NewToken"/>
      </group> <!-- GetToken_Generation -->
    </groups>
    <test started-at="2023-02-17T15:43:41 IST" name="Token_Jeneration" finished-at="2023-02-17T15:43:47 IST" duration-ms="6196">
      <class name="com.qa.rest.tests.NewToken">
        <test-method signature="GetToken_Generation()[pri:1, instance:com.qa.rest.tests.NewToken@429bffaa]" started-at="2023-02-17T15:43:41 IST" name="GetToken_Generation" finished-at="2023-02-17T15:43:44 IST" duration-ms="2654" status="PASS">
          <reporter-output>
            <line>
              <![CDATA[Token_Generation Response {"token_type":"Bearer","expires_in":"3599","ext_expires_in":"3599","expires_on":"1676632424","not_before":"1676628524","resource":"https://eurekaforbes-posibol365.crm8.dynamics.com","access_token":"eyJ0eXAiOiJKV1QiLCJhbGciOiJSUzI1NiIsIng1dCI6Ii1LSTNROW5OUjdiUm9meG1lWm9YcWJIWkdldyIsImtpZCI6Ii1LSTNROW5OUjdiUm9meG1lWm9YcWJIWkdldyJ9.eyJhdWQiOiJodHRwczovL2V1cmVrYWZvcmJlcy1wb3NpYm9sMzY1LmNybTguZHluYW1pY3MuY29tIiwiaXNzIjoiaHR0cHM6Ly9zdHMud2luZG93cy5uZXQvMDVhOTVlNWQtMDEyNS00M2QxLTk2MzUtYWYyMDNjMGZlOGM0LyIsImlhdCI6MTY3NjYyODUyNCwibmJmIjoxNjc2NjI4NTI0LCJleHAiOjE2NzY2MzI0MjQsImFpbyI6IkUyWmdZSWo3OXVxZnczazJWeGxoODMyTEJYWW9Bd0E9IiwiYXBwaWQiOiI3MWJkYmZjNy01YWY0LTRkM2QtYTVmNC05MjBlNmZkNDkxYWIiLCJhcHBpZGFjciI6IjEiLCJpZHAiOiJodHRwczovL3N0cy53aW5kb3dzLm5ldC8wNWE5NWU1ZC0wMTI1LTQzZDEtOTYzNS1hZjIwM2MwZmU4YzQvIiwib2lkIjoiNDJkZDc2ODctMjhhOC00NDA5LWJhNWItOWRjYjYyYWU5NGI5IiwicmgiOiIwLkFYSUFYVjZwQlNVQjBVT1dOYThnUEFfb3hBY0FBQUFBQUFBQXdBQUFBQUFBQUFCeUFBQS4iLCJzdWIiOiI0MmRkNzY4Ny0yOGE4LTQ0MDktYmE1Yi05ZGNiNjJhZTk0YjkiLCJ0aWQiOiIwNWE5NWU1ZC0wMTI1LTQzZDEtOTYzNS1hZjIwM2MwZmU4YzQiLCJ1dGkiOiI3U3BYazluR29VR1lxWXVBSk1Kd0FBIiwidmVyIjoiMS4wIn0.OFnpAzw2_XYHkdiha9CjwouuLHwo1OaLcQvbPqH45Z31qW9d_eIKK0lw0jufKm58u_YR5rndB1-1zbyQY6u7JrqiWMKNuU6XckulzBkUkAr3hrEpP4HXEEvZBy4mJm8FHleSZayfEh3tbFOOJ8C4dg7OrbpfTU1LERzZRAdR3G7TI15Fs6TywV7UDPmQAJ7QG_ajrvIMspwDhv2CeRihLGHUIbtquOFyOfnVWxzBa1WnydVvAtle1YBifm-qLaF2MNo1Tz2sCySZx47VE9fUdmHdidqZo9vkg6kPybKTTg53OET2rmgCXZBVuFAztPry5TC1edUL93MT4eoTBldRyg"}]]>
            </line>
            <line>
              <![CDATA[statusCode is : 200]]>
            </line>
          </reporter-output>
        </test-method> <!-- GetToken_Generation -->
        <test-method signature="GetCustomerComponent()[pri:2, instance:com.qa.rest.tests.NewToken@429bffaa]" started-at="2023-02-17T15:43:44 IST" name="GetCustomerComponent" depends-on-groups="GetToken_Generation" finished-at="2023-02-17T15:43:45 IST" duration-ms="1254" status="PASS">
          <reporter-output>
            <line>
              <![CDATA[GetCustomerComponent Response {"@odata.context":"https://eurekaforbes-posibol365.crm8.dynamics.com/api/data/v9.1/$metadata#Microsoft.Dynamics.CRM.efl_GetCustomerComponentDetailsResponse","Response":"{\"E_FLAG\":true,\"ET_CUST_DET\":{\"CUSTOMER\":\"1014067245\",\"FIRSTNAME\":\"SUMIT PAWAR\",\"LASTNAME\":\"\",\"LANDLINE\":\"\",\"EMAIL\":\"SHIRKANDE.SWAPNALI@GMAIL.COM\",\"MOBILE\":\"9773430762\",\"HOUSENO\":\"\",\"STREET1\":\"MIDC INDL Area\",\"STREET2\":\"MIDC\",\"STREET3\":\"Airoli\",\"STREET4\":\"\",\"CITY\":\"615\",\"PINCODE\":\"394210\",\"COUNTRY\":\"IN\",\"REGION\":\"\",\"SEARCHTERM1\":\"\",\"SEARCHTERM2\":\"\",\"FLAG\":\"\",\"LANG\":\"\",\"GSTNO\":\"18AABCU9603R1ZM\",\"PAN\":\"AABCU9603R\"},\"E_COMP\":{\"item\":[{\"CUSTID\":\"1014067245\",\"COMPONENT_ID\":\"34657053\",\"IBASE\":null,\"PRODUCT_ID\":\"GWPDCTLPL00000\",\"PRODUCT_DESCRIPT\":\"AQUAGUARD CRYSTAL PLUS UV\",\"CONTRACT_NUMBER\":\"0300420665\",\"CONTRACT_STATUS\":\"IC\",\"VALID_FROM\":\"20210621\",\"VALID_TO\":\"20230620\",\"FLAG\":\"\",\"LOCATED_AT\":\"Functional Location\",\"SERIAL_NUMBER\":\"2240104184001854\",\"SERVICEBP\":\"14195\",\"SERVICEBP_EMAIL\":\"14195@genuineservice.eurekaforbes.com\",\"PRODUCT_CATEGORY\":\"Water Purifiers\"}]}}"}]]>
            </line>
            <line>
              <![CDATA[statusCode is : 200]]>
            </line>
          </reporter-output>
        </test-method> <!-- GetCustomerComponent -->
        <test-method signature="GetProductOptionAMC()[pri:3, instance:com.qa.rest.tests.NewToken@429bffaa]" started-at="2023-02-17T15:43:45 IST" name="GetProductOptionAMC" depends-on-groups="GetCustomerComponent" finished-at="2023-02-17T15:43:46 IST" duration-ms="1339" status="PASS">
          <reporter-output>
            <line>
              <![CDATA[GetProductOptionAMC Response {"@odata.context":"https://eurekaforbes-posibol365.crm8.dynamics.com/api/data/v9.1/$metadata#Microsoft.Dynamics.CRM.efl_GetAMCProductPriceResponse","Response":"{\"E_FLAG\":true,\"Message\":\"AMC_Product_Price retrieved successfully.\",\"T_AMCPROD_PRICE\":[{\"MPRODUCT\":\"GWPDCTLPL00000\",\"AMC_PROD\":\"SCTLPL000C12\",\"PROD_DESC\":\"AS CD CRYSTAL PLUS UV -12 MTH COMP AMC\",\"PRICE\":2150.00,\"CURRENCY\":\"INR\",\"DISCOUNT\":0.0,\"SPL_DISCOUNT\":0.0,\"TOTAL\":2150.00,\"DEFAULT_IND\":null,\"CONT_DURATN\":12,\"CATEGORY\":null},{\"MPRODUCT\":\"GWPDCTLPL00000\",\"AMC_PROD\":\"SCTLPL000C24\",\"PROD_DESC\":\"AS CD CRYSTAL PLUS UV -24 MTH COMP AMC\",\"PRICE\":3900.00,\"CURRENCY\":\"INR\",\"DISCOUNT\":0.0,\"SPL_DISCOUNT\":0.0,\"TOTAL\":3900.00,\"DEFAULT_IND\":null,\"CONT_DURATN\":24,\"CATEGORY\":null},{\"MPRODUCT\":\"GWPDCTLPL00000\",\"AMC_PROD\":\"SCTLPL000C36\",\"PROD_DESC\":\"AS CD CRYSTAL PLUS UV -36 MTH COMP AMC\",\"PRICE\":5650.00,\"CURRENCY\":\"INR\",\"DISCOUNT\":0.0,\"SPL_DISCOUNT\":0.0,\"TOTAL\":5650.00,\"DEFAULT_IND\":null,\"CONT_DURATN\":36,\"CATEGORY\":null}]}"}]]>
            </line>
            <line>
              <![CDATA[statusCode is : 200]]>
            </line>
          </reporter-output>
        </test-method> <!-- GetProductOptionAMC -->
        <test-method signature="GetCustomerDetails()[pri:4, instance:com.qa.rest.tests.NewToken@429bffaa]" started-at="2023-02-17T15:43:46 IST" name="GetCustomerDetails" depends-on-groups="GetProductOptionAMC" finished-at="2023-02-17T15:43:47 IST" duration-ms="900" status="PASS">
          <reporter-output>
            <line>
              <![CDATA[GetCustomerDetails Response:{"@odata.context":"https://eurekaforbes-posibol365.crm8.dynamics.com/api/data/v9.1/$metadata#Microsoft.Dynamics.CRM.efl_contactDetailsResponse","Response":"{\"Success\":true,\"Message\":\"Customer found.\",\"Value\":[{\"FirstName\":\"SUMIT PAWAR\",\"MiddleName\":null,\"LastName\":null,\"Email\":\"SHIRKANDE.SWAPNALI@GMAIL.COM\",\"Mobile\":\"9773430762\",\"DoorNo\":\"B/203\",\"Street1\":\"MIDC INDL Area\",\"Street2\":\"MIDC\",\"Street3\":\"Airoli\",\"Street4\":null,\"City\":\"SURAT\",\"State\":\"GUJARAT\",\"District\":null,\"Pincode\":\"394210\",\"SAPCustomerCode\":\"1014067245\",\"ServiceAccount_CustomerAsset\":[{\"Name\":\"34657053\",\"AssetSerialNumber\":\"2240104184001854\",\"ProductName\":\"AQUAGUARD CRYSTAL PLUS UV\",\"ProductCode\":\"GWPDCTLPL00000\"}]}]}"}]]>
            </line>
            <line>
              <![CDATA[statusCode is : 200]]>
            </line>
          </reporter-output>
        </test-method> <!-- GetCustomerDetails -->
      </class> <!-- com.qa.rest.tests.NewToken -->
    </test> <!-- Token_Jeneration -->
    <test started-at="2023-02-17T15:43:47 IST" name="Stager_Token" finished-at="2023-02-17T15:43:49 IST" duration-ms="2335">
      <class name="com.qa.rest.tests.StagerToken">
        <test-method signature="GetStagerToken()[pri:1, instance:com.qa.rest.tests.StagerToken@82de64a]" started-at="2023-02-17T15:43:47 IST" name="GetStagerToken" finished-at="2023-02-17T15:43:48 IST" duration-ms="910" status="PASS">
          <reporter-output>
            <line>
              <![CDATA[GetStagerToken Response is: {"token_type":"Bearer","expires_in":"3599","ext_expires_in":"3599","expires_on":"1676632428","not_before":"1676628528","resource":"71bdbfc7-5af4-4d3d-a5f4-920e6fd491ab","access_token":"eyJ0eXAiOiJKV1QiLCJhbGciOiJSUzI1NiIsIng1dCI6Ii1LSTNROW5OUjdiUm9meG1lWm9YcWJIWkdldyIsImtpZCI6Ii1LSTNROW5OUjdiUm9meG1lWm9YcWJIWkdldyJ9.eyJhdWQiOiI3MWJkYmZjNy01YWY0LTRkM2QtYTVmNC05MjBlNmZkNDkxYWIiLCJpc3MiOiJodHRwczovL3N0cy53aW5kb3dzLm5ldC8wNWE5NWU1ZC0wMTI1LTQzZDEtOTYzNS1hZjIwM2MwZmU4YzQvIiwiaWF0IjoxNjc2NjI4NTI4LCJuYmYiOjE2NzY2Mjg1MjgsImV4cCI6MTY3NjYzMjQyOCwiYWlvIjoiRTJaZ1lBaVNGN3ZUS0tGbng4YTk2ak5mNjhFVEFBPT0iLCJhcHBpZCI6IjcxYmRiZmM3LTVhZjQtNGQzZC1hNWY0LTkyMGU2ZmQ0OTFhYiIsImFwcGlkYWNyIjoiMSIsImlkcCI6Imh0dHBzOi8vc3RzLndpbmRvd3MubmV0LzA1YTk1ZTVkLTAxMjUtNDNkMS05NjM1LWFmMjAzYzBmZThjNC8iLCJvaWQiOiI0MmRkNzY4Ny0yOGE4LTQ0MDktYmE1Yi05ZGNiNjJhZTk0YjkiLCJyaCI6IjAuQVhJQVhWNnBCU1VCMFVPV05hOGdQQV9veE1lX3ZYSDBXajFOcGZTU0RtX1VrYXR5QUFBLiIsInN1YiI6IjQyZGQ3Njg3LTI4YTgtNDQwOS1iYTViLTlkY2I2MmFlOTRiOSIsInRpZCI6IjA1YTk1ZTVkLTAxMjUtNDNkMS05NjM1LWFmMjAzYzBmZThjNCIsInV0aSI6IkIxaUlyeG1hcGtTcEJHTVlVX2s0QUEiLCJ2ZXIiOiIxLjAifQ.rl6UPWVyVt25DcjqjeS6BoyBpsCpWmwxrhNV0hQ61AXP4Mj_b3WIzBNlUciSUA3DR-ly-zggfQz3W5K2NLwa57KT-p8MaPuBLD6zY1Ye1THhdR-kW6xCc9w1e2KLXyKVK0dpRGIJgIWPqqYaDXU3RXz9F2CqlnnbGQaZ1G6ty20JqI2yKOV7NDSkbMxGdgHg-vEzqwZaTVwa91MhS6z4YVvkE5hRfpT_NoeZajHsk2beJGesSJL7y6nrtACpMbfAOHci0Ix8lCBadWyjdsgDNDcpcJ_UavZt-Vjzy-iqHI64g95EJ0WhCnunJPqtu1dC6fe4zFAZfQRGYAerc6UmHA"}]]>
            </line>
            <line>
              <![CDATA[statusCode is : 200]]>
            </line>
          </reporter-output>
        </test-method> <!-- GetStagerToken -->
        <test-method signature="GetCustomerType()[pri:2, instance:com.qa.rest.tests.StagerToken@82de64a]" started-at="2023-02-17T15:43:48 IST" name="GetCustomerType" finished-at="2023-02-17T15:43:49 IST" duration-ms="1417" status="PASS">
          <reporter-output>
            <line>
              <![CDATA[GetCustomerType Response: {"Success":true,"Message":" BP is live ","StaggeredSystem":"D365","Customer":[{"FirstName":"SUMIT PAWAR","MiddleName":null,"LastName":null,"SAPCustomerCode":"1014067245","Email":null,"MobileNumber":null,"Street1":"MIDC INDL Area","Street2":"MIDC","Street3":"Airoli","City":"SURAT","State":"GUJARAT","District":null,"Pincode":"394210"}]}]]>
            </line>
            <line>
              <![CDATA[statusCode is : 200]]>
            </line>
          </reporter-output>
        </test-method> <!-- GetCustomerType -->
      </class> <!-- com.qa.rest.tests.StagerToken -->
    </test> <!-- Stager_Token -->
  </suite> <!-- APISuite -->
</testng-results>
