<?xml version="1.0" encoding="UTF-8"?>
<testng-results ignored="0" total="6" passed="6" failed="0" skipped="0">
  <reporter-output>
    <line>
      <![CDATA[Token_Generation Response {"token_type":"Bearer","expires_in":"3599","ext_expires_in":"3599","expires_on":"1676622431","not_before":"1676618531","resource":"https://eurekaforbes-posibol365.crm8.dynamics.com","access_token":"eyJ0eXAiOiJKV1QiLCJhbGciOiJSUzI1NiIsIng1dCI6Ii1LSTNROW5OUjdiUm9meG1lWm9YcWJIWkdldyIsImtpZCI6Ii1LSTNROW5OUjdiUm9meG1lWm9YcWJIWkdldyJ9.eyJhdWQiOiJodHRwczovL2V1cmVrYWZvcmJlcy1wb3NpYm9sMzY1LmNybTguZHluYW1pY3MuY29tIiwiaXNzIjoiaHR0cHM6Ly9zdHMud2luZG93cy5uZXQvMDVhOTVlNWQtMDEyNS00M2QxLTk2MzUtYWYyMDNjMGZlOGM0LyIsImlhdCI6MTY3NjYxODUzMSwibmJmIjoxNjc2NjE4NTMxLCJleHAiOjE2NzY2MjI0MzEsImFpbyI6IkUyWmdZTmpOODlYb0xzTnZiNGI1VCtibmRGMDVBQUE9IiwiYXBwaWQiOiI3MWJkYmZjNy01YWY0LTRkM2QtYTVmNC05MjBlNmZkNDkxYWIiLCJhcHBpZGFjciI6IjEiLCJpZHAiOiJodHRwczovL3N0cy53aW5kb3dzLm5ldC8wNWE5NWU1ZC0wMTI1LTQzZDEtOTYzNS1hZjIwM2MwZmU4YzQvIiwib2lkIjoiNDJkZDc2ODctMjhhOC00NDA5LWJhNWItOWRjYjYyYWU5NGI5IiwicmgiOiIwLkFYSUFYVjZwQlNVQjBVT1dOYThnUEFfb3hBY0FBQUFBQUFBQXdBQUFBQUFBQUFCeUFBQS4iLCJzdWIiOiI0MmRkNzY4Ny0yOGE4LTQ0MDktYmE1Yi05ZGNiNjJhZTk0YjkiLCJ0aWQiOiIwNWE5NWU1ZC0wMTI1LTQzZDEtOTYzNS1hZjIwM2MwZmU4YzQiLCJ1dGkiOiJicTZYVllwenNFT2VOY2g2eVlrMUFBIiwidmVyIjoiMS4wIn0.k1ympdhb_Q32TDBdf2X43RCQBPSCr8zKbpErslqjv6x9EGquA1xhPRjXlHHd_tw3e_nIAlZuhjNPIaMl6n1QSrzXZcm1nfEh3Q8b93rpqb7x_oKNJ_P_6IXhjpDm-8didjRhxQlVQZ_ies_fTLhW-Ks1L881CjXNnO3d_FF0PWUMZXsVJi5qsas9aw6YsmtcHs6w1mXfA-viZqDci5rFs_Mgm2FTFkl7Z9j6ymURcTcb3Ohdt-2XLZqLFAnu14YwnYmme-tZ6tmzgxzilBzCeytZcOHA8yD2di-FJlrk8qVHz8_NpwjNbWjZAWDKBYBCrugC3dW2XTLehAUp-yEmRg"}]]>
    </line>
    <line>
      <![CDATA[statusCode is : 200]]>
    </line>
    <line>
      <![CDATA[GetCustomerComponent Response {"@odata.context":"https://eurekaforbes-posibol365.crm8.dynamics.com/api/data/v9.1/$metadata#Microsoft.Dynamics.CRM.efl_GetCustomerComponentDetailsResponse","Response":"{\"E_FLAG\":true,\"ET_CUST_DET\":{\"CUSTOMER\":\"1014067245\",\"FIRSTNAME\":\"SUMIT PAWAR\",\"LASTNAME\":\"\",\"LANDLINE\":\"\",\"EMAIL\":\"SHIRKANDE.SWAPNALI@GMAIL.COM\",\"MOBILE\":\"9773430762\",\"HOUSENO\":\"\",\"STREET1\":\"MIDC INDL Area\",\"STREET2\":\"MIDC\",\"STREET3\":\"Airoli\",\"STREET4\":\"\",\"CITY\":\"615\",\"PINCODE\":\"394210\",\"COUNTRY\":\"IN\",\"REGION\":\"\",\"SEARCHTERM1\":\"\",\"SEARCHTERM2\":\"\",\"FLAG\":\"\",\"LANG\":\"\",\"GSTNO\":\"18AABCU9603R1ZM\",\"PAN\":\"AABCU9603R\"},\"E_COMP\":{\"item\":[{\"CUSTID\":\"1014067245\",\"COMPONENT_ID\":\"34657053\",\"IBASE\":null,\"PRODUCT_ID\":\"GWPDCTLPL00000\",\"PRODUCT_DESCRIPT\":\"AQUAGUARD CRYSTAL PLUS UV\",\"CONTRACT_NUMBER\":\"0300420665\",\"CONTRACT_STATUS\":\"IC\",\"VALID_FROM\":\"20210621\",\"VALID_TO\":\"20230620\",\"FLAG\":\"\",\"LOCATED_AT\":\"Functional Location\",\"SERIAL_NUMBER\":\"2240104184001854\",\"SERVICEBP\":\"14195\",\"SERVICEBP_EMAIL\":\"14195@genuineservice.eurekaforbes.com\",\"PRODUCT_CATEGORY\":\"Water Purifiers\"}]}}"}]]>
    </line>
    <line>
      <![CDATA[statusCode is : 200]]>
    </line>
    <line>
      <![CDATA[GetProductOptionAMC Response {"@odata.context":"https://eurekaforbes-posibol365.crm8.dynamics.com/api/data/v9.1/$metadata#Microsoft.Dynamics.CRM.efl_GetAMCProductPriceResponse","Response":"{\"E_FLAG\":true,\"Message\":\"AMC_Product_Price retrieved successfully.\",\"T_AMCPROD_PRICE\":[{\"MPRODUCT\":\"GWPDCTLPL00000\",\"AMC_PROD\":\"SCTLPL000C12\",\"PROD_DESC\":\"AS CD CRYSTAL PLUS UV -12 MTH COMP AMC\",\"PRICE\":2150.00,\"CURRENCY\":\"INR\",\"DISCOUNT\":0.0,\"SPL_DISCOUNT\":0.0,\"TOTAL\":2150.00,\"DEFAULT_IND\":null,\"CONT_DURATN\":12,\"CATEGORY\":null},{\"MPRODUCT\":\"GWPDCTLPL00000\",\"AMC_PROD\":\"SCTLPL000C24\",\"PROD_DESC\":\"AS CD CRYSTAL PLUS UV -24 MTH COMP AMC\",\"PRICE\":3900.00,\"CURRENCY\":\"INR\",\"DISCOUNT\":0.0,\"SPL_DISCOUNT\":0.0,\"TOTAL\":3900.00,\"DEFAULT_IND\":null,\"CONT_DURATN\":24,\"CATEGORY\":null},{\"MPRODUCT\":\"GWPDCTLPL00000\",\"AMC_PROD\":\"SCTLPL000C36\",\"PROD_DESC\":\"AS CD CRYSTAL PLUS UV -36 MTH COMP AMC\",\"PRICE\":5650.00,\"CURRENCY\":\"INR\",\"DISCOUNT\":0.0,\"SPL_DISCOUNT\":0.0,\"TOTAL\":5650.00,\"DEFAULT_IND\":null,\"CONT_DURATN\":36,\"CATEGORY\":null}]}"}]]>
    </line>
    <line>
      <![CDATA[statusCode is : 200]]>
    </line>
    <line>
      <![CDATA[GetCustomerDetails Response:{"@odata.context":"https://eurekaforbes-posibol365.crm8.dynamics.com/api/data/v9.1/$metadata#Microsoft.Dynamics.CRM.efl_contactDetailsResponse","Response":"{\"Success\":true,\"Message\":\"Customer found.\",\"Value\":[{\"FirstName\":\"SUMIT PAWAR\",\"MiddleName\":null,\"LastName\":null,\"Email\":\"SHIRKANDE.SWAPNALI@GMAIL.COM\",\"Mobile\":\"9773430762\",\"DoorNo\":\"B/203\",\"Street1\":\"MIDC INDL Area\",\"Street2\":\"MIDC\",\"Street3\":\"Airoli\",\"Street4\":null,\"City\":\"SURAT\",\"State\":\"GUJARAT\",\"District\":null,\"Pincode\":\"394210\",\"SAPCustomerCode\":\"1014067245\",\"ServiceAccount_CustomerAsset\":[{\"Name\":\"34657053\",\"AssetSerialNumber\":\"2240104184001854\",\"ProductName\":\"AQUAGUARD CRYSTAL PLUS UV\",\"ProductCode\":\"GWPDCTLPL00000\"}]}]}"}]]>
    </line>
    <line>
      <![CDATA[statusCode is : 200]]>
    </line>
    <line>
      <![CDATA[GetStagerToken Response is: {"token_type":"Bearer","expires_in":"3599","ext_expires_in":"3599","expires_on":"1676622438","not_before":"1676618538","resource":"71bdbfc7-5af4-4d3d-a5f4-920e6fd491ab","access_token":"eyJ0eXAiOiJKV1QiLCJhbGciOiJSUzI1NiIsIng1dCI6Ii1LSTNROW5OUjdiUm9meG1lWm9YcWJIWkdldyIsImtpZCI6Ii1LSTNROW5OUjdiUm9meG1lWm9YcWJIWkdldyJ9.eyJhdWQiOiI3MWJkYmZjNy01YWY0LTRkM2QtYTVmNC05MjBlNmZkNDkxYWIiLCJpc3MiOiJodHRwczovL3N0cy53aW5kb3dzLm5ldC8wNWE5NWU1ZC0wMTI1LTQzZDEtOTYzNS1hZjIwM2MwZmU4YzQvIiwiaWF0IjoxNjc2NjE4NTM4LCJuYmYiOjE2NzY2MTg1MzgsImV4cCI6MTY3NjYyMjQzOCwiYWlvIjoiRTJaZ1lOQk40SlZmbGU5MlRzbDFiOG04cGM5akFBPT0iLCJhcHBpZCI6IjcxYmRiZmM3LTVhZjQtNGQzZC1hNWY0LTkyMGU2ZmQ0OTFhYiIsImFwcGlkYWNyIjoiMSIsImlkcCI6Imh0dHBzOi8vc3RzLndpbmRvd3MubmV0LzA1YTk1ZTVkLTAxMjUtNDNkMS05NjM1LWFmMjAzYzBmZThjNC8iLCJvaWQiOiI0MmRkNzY4Ny0yOGE4LTQ0MDktYmE1Yi05ZGNiNjJhZTk0YjkiLCJyaCI6IjAuQVhJQVhWNnBCU1VCMFVPV05hOGdQQV9veE1lX3ZYSDBXajFOcGZTU0RtX1VrYXR5QUFBLiIsInN1YiI6IjQyZGQ3Njg3LTI4YTgtNDQwOS1iYTViLTlkY2I2MmFlOTRiOSIsInRpZCI6IjA1YTk1ZTVkLTAxMjUtNDNkMS05NjM1LWFmMjAzYzBmZThjNCIsInV0aSI6Ind3dnR1b0hGV2tHZUdJcEJBOEJTQUEiLCJ2ZXIiOiIxLjAifQ.LIURzTOBwhViN-tVIk43zJ_M2E5a50Ms6pJ1v2rZpu_5I9uVDRFmts8DRHnWxylbHs9EgqslB7One5N6UCdPYMNINRBTnXwlkdUeMI7VKrpYw1cngTMnpafb4auFrMnvqU6ZQpcKoZzZ9qkU6Pg4K7BoHZW6Jc63gdB9emYRRCK7knBdKvYlb3tUO2aA2Lsr2h5JFYOYukw3Tch-GdlQSz77jAFsQthhTp3mu2iZiOBr5M-LpVcG4c9ZeTLIi5noo2EpNF5r0WX5QafaGWT2FWvXuiLK6Fl2uQMXBdNosHZ-cUBers-vc0QEgO5jxBN_2ml9WIGZydrLD38deOzMLQ"}]]>
    </line>
    <line>
      <![CDATA[statusCode is : 200]]>
    </line>
    <line>
      <![CDATA[GetCustomerType Response: {"Success":true,"Message":" BP is live ","StaggeredSystem":"D365","Customer":[{"FirstName":"SUMIT PAWAR","MiddleName":null,"LastName":null,"SAPCustomerCode":"1014067245","Email":null,"MobileNumber":null,"Street1":"MIDC INDL Area","Street2":"MIDC","Street3":"Airoli","City":"SURAT","State":"GUJARAT","District":null,"Pincode":"394210"}]}]]>
    </line>
    <line>
      <![CDATA[statusCode is : 200]]>
    </line>
  </reporter-output>
  <suite started-at="2023-02-17T12:57:09 IST" name="APISuite" finished-at="2023-02-17T12:57:19 IST" duration-ms="10748">
    <groups>
      <group name="GetCustomerComponent">
        <method signature="NewToken.GetCustomerComponent()[pri:2, instance:com.qa.rest.tests.NewToken@2abf4075]" name="GetCustomerComponent" class="com.qa.rest.tests.NewToken"/>
      </group> <!-- GetCustomerComponent -->
      <group name="GetCustomerDetails">
        <method signature="NewToken.GetCustomerDetails()[pri:4, instance:com.qa.rest.tests.NewToken@2abf4075]" name="GetCustomerDetails" class="com.qa.rest.tests.NewToken"/>
      </group> <!-- GetCustomerDetails -->
      <group name="GetProductOptionAMC">
        <method signature="NewToken.GetProductOptionAMC()[pri:3, instance:com.qa.rest.tests.NewToken@2abf4075]" name="GetProductOptionAMC" class="com.qa.rest.tests.NewToken"/>
      </group> <!-- GetProductOptionAMC -->
      <group name="GetToken_Generation">
        <method signature="NewToken.GetToken_Generation()[pri:1, instance:com.qa.rest.tests.NewToken@2abf4075]" name="GetToken_Generation" class="com.qa.rest.tests.NewToken"/>
      </group> <!-- GetToken_Generation -->
    </groups>
    <test started-at="2023-02-17T12:57:09 IST" name="Token_Jeneration" finished-at="2023-02-17T12:57:17 IST" duration-ms="8386">
      <class name="com.qa.rest.tests.NewToken">
        <test-method signature="GetToken_Generation()[pri:1, instance:com.qa.rest.tests.NewToken@2abf4075]" started-at="2023-02-17T12:57:09 IST" name="GetToken_Generation" finished-at="2023-02-17T12:57:12 IST" duration-ms="2925" status="PASS">
          <reporter-output>
            <line>
              <![CDATA[Token_Generation Response {"token_type":"Bearer","expires_in":"3599","ext_expires_in":"3599","expires_on":"1676622431","not_before":"1676618531","resource":"https://eurekaforbes-posibol365.crm8.dynamics.com","access_token":"eyJ0eXAiOiJKV1QiLCJhbGciOiJSUzI1NiIsIng1dCI6Ii1LSTNROW5OUjdiUm9meG1lWm9YcWJIWkdldyIsImtpZCI6Ii1LSTNROW5OUjdiUm9meG1lWm9YcWJIWkdldyJ9.eyJhdWQiOiJodHRwczovL2V1cmVrYWZvcmJlcy1wb3NpYm9sMzY1LmNybTguZHluYW1pY3MuY29tIiwiaXNzIjoiaHR0cHM6Ly9zdHMud2luZG93cy5uZXQvMDVhOTVlNWQtMDEyNS00M2QxLTk2MzUtYWYyMDNjMGZlOGM0LyIsImlhdCI6MTY3NjYxODUzMSwibmJmIjoxNjc2NjE4NTMxLCJleHAiOjE2NzY2MjI0MzEsImFpbyI6IkUyWmdZTmpOODlYb0xzTnZiNGI1VCtibmRGMDVBQUE9IiwiYXBwaWQiOiI3MWJkYmZjNy01YWY0LTRkM2QtYTVmNC05MjBlNmZkNDkxYWIiLCJhcHBpZGFjciI6IjEiLCJpZHAiOiJodHRwczovL3N0cy53aW5kb3dzLm5ldC8wNWE5NWU1ZC0wMTI1LTQzZDEtOTYzNS1hZjIwM2MwZmU4YzQvIiwib2lkIjoiNDJkZDc2ODctMjhhOC00NDA5LWJhNWItOWRjYjYyYWU5NGI5IiwicmgiOiIwLkFYSUFYVjZwQlNVQjBVT1dOYThnUEFfb3hBY0FBQUFBQUFBQXdBQUFBQUFBQUFCeUFBQS4iLCJzdWIiOiI0MmRkNzY4Ny0yOGE4LTQ0MDktYmE1Yi05ZGNiNjJhZTk0YjkiLCJ0aWQiOiIwNWE5NWU1ZC0wMTI1LTQzZDEtOTYzNS1hZjIwM2MwZmU4YzQiLCJ1dGkiOiJicTZYVllwenNFT2VOY2g2eVlrMUFBIiwidmVyIjoiMS4wIn0.k1ympdhb_Q32TDBdf2X43RCQBPSCr8zKbpErslqjv6x9EGquA1xhPRjXlHHd_tw3e_nIAlZuhjNPIaMl6n1QSrzXZcm1nfEh3Q8b93rpqb7x_oKNJ_P_6IXhjpDm-8didjRhxQlVQZ_ies_fTLhW-Ks1L881CjXNnO3d_FF0PWUMZXsVJi5qsas9aw6YsmtcHs6w1mXfA-viZqDci5rFs_Mgm2FTFkl7Z9j6ymURcTcb3Ohdt-2XLZqLFAnu14YwnYmme-tZ6tmzgxzilBzCeytZcOHA8yD2di-FJlrk8qVHz8_NpwjNbWjZAWDKBYBCrugC3dW2XTLehAUp-yEmRg"}]]>
            </line>
            <line>
              <![CDATA[statusCode is : 200]]>
            </line>
          </reporter-output>
        </test-method> <!-- GetToken_Generation -->
        <test-method signature="GetCustomerComponent()[pri:2, instance:com.qa.rest.tests.NewToken@2abf4075]" started-at="2023-02-17T12:57:12 IST" name="GetCustomerComponent" depends-on-groups="GetToken_Generation" finished-at="2023-02-17T12:57:15 IST" duration-ms="3070" status="PASS">
          <reporter-output>
            <line>
              <![CDATA[GetCustomerComponent Response {"@odata.context":"https://eurekaforbes-posibol365.crm8.dynamics.com/api/data/v9.1/$metadata#Microsoft.Dynamics.CRM.efl_GetCustomerComponentDetailsResponse","Response":"{\"E_FLAG\":true,\"ET_CUST_DET\":{\"CUSTOMER\":\"1014067245\",\"FIRSTNAME\":\"SUMIT PAWAR\",\"LASTNAME\":\"\",\"LANDLINE\":\"\",\"EMAIL\":\"SHIRKANDE.SWAPNALI@GMAIL.COM\",\"MOBILE\":\"9773430762\",\"HOUSENO\":\"\",\"STREET1\":\"MIDC INDL Area\",\"STREET2\":\"MIDC\",\"STREET3\":\"Airoli\",\"STREET4\":\"\",\"CITY\":\"615\",\"PINCODE\":\"394210\",\"COUNTRY\":\"IN\",\"REGION\":\"\",\"SEARCHTERM1\":\"\",\"SEARCHTERM2\":\"\",\"FLAG\":\"\",\"LANG\":\"\",\"GSTNO\":\"18AABCU9603R1ZM\",\"PAN\":\"AABCU9603R\"},\"E_COMP\":{\"item\":[{\"CUSTID\":\"1014067245\",\"COMPONENT_ID\":\"34657053\",\"IBASE\":null,\"PRODUCT_ID\":\"GWPDCTLPL00000\",\"PRODUCT_DESCRIPT\":\"AQUAGUARD CRYSTAL PLUS UV\",\"CONTRACT_NUMBER\":\"0300420665\",\"CONTRACT_STATUS\":\"IC\",\"VALID_FROM\":\"20210621\",\"VALID_TO\":\"20230620\",\"FLAG\":\"\",\"LOCATED_AT\":\"Functional Location\",\"SERIAL_NUMBER\":\"2240104184001854\",\"SERVICEBP\":\"14195\",\"SERVICEBP_EMAIL\":\"14195@genuineservice.eurekaforbes.com\",\"PRODUCT_CATEGORY\":\"Water Purifiers\"}]}}"}]]>
            </line>
            <line>
              <![CDATA[statusCode is : 200]]>
            </line>
          </reporter-output>
        </test-method> <!-- GetCustomerComponent -->
        <test-method signature="GetProductOptionAMC()[pri:3, instance:com.qa.rest.tests.NewToken@2abf4075]" started-at="2023-02-17T12:57:15 IST" name="GetProductOptionAMC" depends-on-groups="GetCustomerComponent" finished-at="2023-02-17T12:57:16 IST" duration-ms="1401" status="PASS">
          <reporter-output>
            <line>
              <![CDATA[GetProductOptionAMC Response {"@odata.context":"https://eurekaforbes-posibol365.crm8.dynamics.com/api/data/v9.1/$metadata#Microsoft.Dynamics.CRM.efl_GetAMCProductPriceResponse","Response":"{\"E_FLAG\":true,\"Message\":\"AMC_Product_Price retrieved successfully.\",\"T_AMCPROD_PRICE\":[{\"MPRODUCT\":\"GWPDCTLPL00000\",\"AMC_PROD\":\"SCTLPL000C12\",\"PROD_DESC\":\"AS CD CRYSTAL PLUS UV -12 MTH COMP AMC\",\"PRICE\":2150.00,\"CURRENCY\":\"INR\",\"DISCOUNT\":0.0,\"SPL_DISCOUNT\":0.0,\"TOTAL\":2150.00,\"DEFAULT_IND\":null,\"CONT_DURATN\":12,\"CATEGORY\":null},{\"MPRODUCT\":\"GWPDCTLPL00000\",\"AMC_PROD\":\"SCTLPL000C24\",\"PROD_DESC\":\"AS CD CRYSTAL PLUS UV -24 MTH COMP AMC\",\"PRICE\":3900.00,\"CURRENCY\":\"INR\",\"DISCOUNT\":0.0,\"SPL_DISCOUNT\":0.0,\"TOTAL\":3900.00,\"DEFAULT_IND\":null,\"CONT_DURATN\":24,\"CATEGORY\":null},{\"MPRODUCT\":\"GWPDCTLPL00000\",\"AMC_PROD\":\"SCTLPL000C36\",\"PROD_DESC\":\"AS CD CRYSTAL PLUS UV -36 MTH COMP AMC\",\"PRICE\":5650.00,\"CURRENCY\":\"INR\",\"DISCOUNT\":0.0,\"SPL_DISCOUNT\":0.0,\"TOTAL\":5650.00,\"DEFAULT_IND\":null,\"CONT_DURATN\":36,\"CATEGORY\":null}]}"}]]>
            </line>
            <line>
              <![CDATA[statusCode is : 200]]>
            </line>
          </reporter-output>
        </test-method> <!-- GetProductOptionAMC -->
        <test-method signature="GetCustomerDetails()[pri:4, instance:com.qa.rest.tests.NewToken@2abf4075]" started-at="2023-02-17T12:57:16 IST" name="GetCustomerDetails" depends-on-groups="GetProductOptionAMC" finished-at="2023-02-17T12:57:17 IST" duration-ms="932" status="PASS">
          <reporter-output>
            <line>
              <![CDATA[GetCustomerDetails Response:{"@odata.context":"https://eurekaforbes-posibol365.crm8.dynamics.com/api/data/v9.1/$metadata#Microsoft.Dynamics.CRM.efl_contactDetailsResponse","Response":"{\"Success\":true,\"Message\":\"Customer found.\",\"Value\":[{\"FirstName\":\"SUMIT PAWAR\",\"MiddleName\":null,\"LastName\":null,\"Email\":\"SHIRKANDE.SWAPNALI@GMAIL.COM\",\"Mobile\":\"9773430762\",\"DoorNo\":\"B/203\",\"Street1\":\"MIDC INDL Area\",\"Street2\":\"MIDC\",\"Street3\":\"Airoli\",\"Street4\":null,\"City\":\"SURAT\",\"State\":\"GUJARAT\",\"District\":null,\"Pincode\":\"394210\",\"SAPCustomerCode\":\"1014067245\",\"ServiceAccount_CustomerAsset\":[{\"Name\":\"34657053\",\"AssetSerialNumber\":\"2240104184001854\",\"ProductName\":\"AQUAGUARD CRYSTAL PLUS UV\",\"ProductCode\":\"GWPDCTLPL00000\"}]}]}"}]]>
            </line>
            <line>
              <![CDATA[statusCode is : 200]]>
            </line>
          </reporter-output>
        </test-method> <!-- GetCustomerDetails -->
      </class> <!-- com.qa.rest.tests.NewToken -->
    </test> <!-- Token_Jeneration -->
    <test started-at="2023-02-17T12:57:17 IST" name="Stager_Token" finished-at="2023-02-17T12:57:19 IST" duration-ms="2337">
      <class name="com.qa.rest.tests.StagerToken">
        <test-method signature="GetStagerToken()[pri:1, instance:com.qa.rest.tests.StagerToken@6d4e5011]" started-at="2023-02-17T12:57:17 IST" name="GetStagerToken" finished-at="2023-02-17T12:57:18 IST" duration-ms="827" status="PASS">
          <reporter-output>
            <line>
              <![CDATA[GetStagerToken Response is: {"token_type":"Bearer","expires_in":"3599","ext_expires_in":"3599","expires_on":"1676622438","not_before":"1676618538","resource":"71bdbfc7-5af4-4d3d-a5f4-920e6fd491ab","access_token":"eyJ0eXAiOiJKV1QiLCJhbGciOiJSUzI1NiIsIng1dCI6Ii1LSTNROW5OUjdiUm9meG1lWm9YcWJIWkdldyIsImtpZCI6Ii1LSTNROW5OUjdiUm9meG1lWm9YcWJIWkdldyJ9.eyJhdWQiOiI3MWJkYmZjNy01YWY0LTRkM2QtYTVmNC05MjBlNmZkNDkxYWIiLCJpc3MiOiJodHRwczovL3N0cy53aW5kb3dzLm5ldC8wNWE5NWU1ZC0wMTI1LTQzZDEtOTYzNS1hZjIwM2MwZmU4YzQvIiwiaWF0IjoxNjc2NjE4NTM4LCJuYmYiOjE2NzY2MTg1MzgsImV4cCI6MTY3NjYyMjQzOCwiYWlvIjoiRTJaZ1lOQk40SlZmbGU5MlRzbDFiOG04cGM5akFBPT0iLCJhcHBpZCI6IjcxYmRiZmM3LTVhZjQtNGQzZC1hNWY0LTkyMGU2ZmQ0OTFhYiIsImFwcGlkYWNyIjoiMSIsImlkcCI6Imh0dHBzOi8vc3RzLndpbmRvd3MubmV0LzA1YTk1ZTVkLTAxMjUtNDNkMS05NjM1LWFmMjAzYzBmZThjNC8iLCJvaWQiOiI0MmRkNzY4Ny0yOGE4LTQ0MDktYmE1Yi05ZGNiNjJhZTk0YjkiLCJyaCI6IjAuQVhJQVhWNnBCU1VCMFVPV05hOGdQQV9veE1lX3ZYSDBXajFOcGZTU0RtX1VrYXR5QUFBLiIsInN1YiI6IjQyZGQ3Njg3LTI4YTgtNDQwOS1iYTViLTlkY2I2MmFlOTRiOSIsInRpZCI6IjA1YTk1ZTVkLTAxMjUtNDNkMS05NjM1LWFmMjAzYzBmZThjNCIsInV0aSI6Ind3dnR1b0hGV2tHZUdJcEJBOEJTQUEiLCJ2ZXIiOiIxLjAifQ.LIURzTOBwhViN-tVIk43zJ_M2E5a50Ms6pJ1v2rZpu_5I9uVDRFmts8DRHnWxylbHs9EgqslB7One5N6UCdPYMNINRBTnXwlkdUeMI7VKrpYw1cngTMnpafb4auFrMnvqU6ZQpcKoZzZ9qkU6Pg4K7BoHZW6Jc63gdB9emYRRCK7knBdKvYlb3tUO2aA2Lsr2h5JFYOYukw3Tch-GdlQSz77jAFsQthhTp3mu2iZiOBr5M-LpVcG4c9ZeTLIi5noo2EpNF5r0WX5QafaGWT2FWvXuiLK6Fl2uQMXBdNosHZ-cUBers-vc0QEgO5jxBN_2ml9WIGZydrLD38deOzMLQ"}]]>
            </line>
            <line>
              <![CDATA[statusCode is : 200]]>
            </line>
          </reporter-output>
        </test-method> <!-- GetStagerToken -->
        <test-method signature="GetCustomerType()[pri:2, instance:com.qa.rest.tests.StagerToken@6d4e5011]" started-at="2023-02-17T12:57:18 IST" name="GetCustomerType" finished-at="2023-02-17T12:57:19 IST" duration-ms="1505" status="PASS">
          <reporter-output>
            <line>
              <![CDATA[GetCustomerType Response: {"Success":true,"Message":" BP is live ","StaggeredSystem":"D365","Customer":[{"FirstName":"SUMIT PAWAR","MiddleName":null,"LastName":null,"SAPCustomerCode":"1014067245","Email":null,"MobileNumber":null,"Street1":"MIDC INDL Area","Street2":"MIDC","Street3":"Airoli","City":"SURAT","State":"GUJARAT","District":null,"Pincode":"394210"}]}]]>
            </line>
            <line>
              <![CDATA[statusCode is : 200]]>
            </line>
          </reporter-output>
        </test-method> <!-- GetCustomerType -->
      </class> <!-- com.qa.rest.tests.StagerToken -->
    </test> <!-- Stager_Token -->
  </suite> <!-- APISuite -->
</testng-results>
